# JRE version: OpenJDK Runtime Environment (11.0.10) (build 11.0.10+0-b96-7249189)
# Java VM: OpenJDK 64-Bit Server VM (11.0.10+0-b96-7249189, mixed mode, tiered, compressed oops, g1 gc, windows-amd64)
Heap:
 garbage-first heap   total 337920K, used 247418K [0x0000000080000000, 0x0000000100000000)
  region size 1024K, 45 young (46080K), 13 survivors (13312K)
 Metaspace       used 126143K, capacity 129960K, committed 130304K, reserved 1163264K
  class space    used 15942K, capacity 17382K, committed 17484K, reserved 1048576K
GC Heap History (20 events):
Event: 11.967 GC heap before
{Heap before GC invocations=42 (full 0):
 garbage-first heap   total 337920K, used 227602K [0x0000000080000000, 0x0000000100000000)
  region size 1024K, 81 young (82944K), 4 survivors (4096K)
 Metaspace       used 110209K, capacity 113470K, committed 113792K, reserved 1146880K
  class space    used 14463K, capacity 15736K, committed 15820K, reserved 1048576K
}
Event: 11.979 GC heap after
{Heap after GC invocations=43 (full 0):
 garbage-first heap   total 337920K, used 157652K [0x0000000080000000, 0x0000000100000000)
  region size 1024K, 11 young (11264K), 11 survivors (11264K)
 Metaspace       used 110209K, capacity 113470K, committed 113792K, reserved 1146880K
  class space    used 14463K, capacity 15736K, committed 15820K, reserved 1048576K
}
Event: 11.992 GC heap before
{Heap before GC invocations=43 (full 0):
 garbage-first heap   total 337920K, used 162772K [0x0000000080000000, 0x0000000100000000)
  region size 1024K, 16 young (16384K), 11 survivors (11264K)
 Metaspace       used 110261K, capacity 113541K, committed 113792K, reserved 1146880K
  class space    used 14463K, capacity 15737K, committed 15820K, reserved 1048576K
}
Event: 11.999 GC heap after
{Heap after GC invocations=44 (full 0):
 garbage-first heap   total 337920K, used 125985K [0x0000000080000000, 0x0000000100000000)
  region size 1024K, 2 young (2048K), 2 survivors (2048K)
 Metaspace       used 110261K, capacity 113541K, committed 113792K, reserved 1146880K
  class space    used 14463K, capacity 15737K, committed 15820K, reserved 1048576K
}
Event: 12.032 GC heap before
{Heap before GC invocations=44 (full 0):
 garbage-first heap   total 337920K, used 139297K [0x0000000080000000, 0x0000000100000000)
  region size 1024K, 16 young (16384K), 2 survivors (2048K)
 Metaspace       used 110335K, capacity 113605K, committed 113792K, reserved 1146880K
  class space    used 14465K, capacity 15737K, committed 15820K, reserved 1048576K
}
Event: 12.035 GC heap after
{Heap after GC invocations=45 (full 0):
 garbage-first heap   total 337920K, used 123904K [0x0000000080000000, 0x0000000100000000)
  region size 1024K, 2 young (2048K), 2 survivors (2048K)
 Metaspace       used 110335K, capacity 113605K, committed 113792K, reserved 1146880K
  class space    used 14465K, capacity 15737K, committed 15820K, reserved 1048576K
}
Event: 150.144 GC heap before
{Heap before GC invocations=45 (full 0):
 garbage-first heap   total 337920K, used 257024K [0x0000000080000000, 0x0000000100000000)
  region size 1024K, 108 young (110592K), 2 survivors (2048K)
 Metaspace       used 113088K, capacity 116460K, committed 116736K, reserved 1150976K
  class space    used 14768K, capacity 16104K, committed 16204K, reserved 1048576K
}
Event: 150.148 GC heap after
{Heap after GC invocations=46 (full 0):
 garbage-first heap   total 337920K, used 125880K [0x0000000080000000, 0x0000000100000000)
  region size 1024K, 3 young (3072K), 3 survivors (3072K)
 Metaspace       used 113088K, capacity 116460K, committed 116736K, reserved 1150976K
  class space    used 14768K, capacity 16104K, committed 16204K, reserved 1048576K
}
Event: 217.920 GC heap before
{Heap before GC invocations=46 (full 0):
 garbage-first heap   total 337920K, used 273336K [0x0000000080000000, 0x0000000100000000)
  region size 1024K, 131 young (134144K), 3 survivors (3072K)
 Metaspace       used 117031K, capacity 120567K, committed 120704K, reserved 1153024K
  class space    used 15090K, capacity 16477K, committed 16588K, reserved 1048576K
}
Event: 217.926 GC heap after
{Heap after GC invocations=47 (full 0):
 garbage-first heap   total 337920K, used 128190K [0x0000000080000000, 0x0000000100000000)
  region size 1024K, 6 young (6144K), 6 survivors (6144K)
 Metaspace       used 117031K, capacity 120567K, committed 120704K, reserved 1153024K
  class space    used 15090K, capacity 16477K, committed 16588K, reserved 1048576K
}
Event: 233.144 GC heap before
{Heap before GC invocations=47 (full 0):
 garbage-first heap   total 337920K, used 260286K [0x0000000080000000, 0x0000000100000000)
  region size 1024K, 136 young (139264K), 6 survivors (6144K)
 Metaspace       used 118041K, capacity 121683K, committed 121984K, reserved 1155072K
  class space    used 15136K, capacity 16540K, committed 16588K, reserved 1048576K
}
Event: 233.153 GC heap after
{Heap after GC invocations=48 (full 0):
 garbage-first heap   total 337920K, used 137552K [0x0000000080000000, 0x0000000100000000)
  region size 1024K, 15 young (15360K), 15 survivors (15360K)
 Metaspace       used 118041K, capacity 121683K, committed 121984K, reserved 1155072K
  class space    used 15136K, capacity 16540K, committed 16588K, reserved 1048576K
}
Event: 233.928 GC heap before
{Heap before GC invocations=48 (full 0):
 garbage-first heap   total 337920K, used 278864K [0x0000000080000000, 0x0000000100000000)
  region size 1024K, 142 young (145408K), 15 survivors (15360K)
 Metaspace       used 120508K, capacity 124243K, committed 124416K, reserved 1157120K
  class space    used 15421K, capacity 16859K, committed 16972K, reserved 1048576K
}
Event: 233.943 GC heap after
{Heap after GC invocations=49 (full 0):
 garbage-first heap   total 337920K, used 154556K [0x0000000080000000, 0x0000000100000000)
  region size 1024K, 16 young (16384K), 16 survivors (16384K)
 Metaspace       used 120508K, capacity 124243K, committed 124416K, reserved 1157120K
  class space    used 15421K, capacity 16859K, committed 16972K, reserved 1048576K
}
Event: 234.385 GC heap before
{Heap before GC invocations=49 (full 0):
 garbage-first heap   total 337920K, used 283580K [0x0000000080000000, 0x0000000100000000)
  region size 1024K, 128 young (131072K), 16 survivors (16384K)
 Metaspace       used 123392K, capacity 127069K, committed 127360K, reserved 1159168K
  class space    used 15634K, capacity 17062K, committed 17100K, reserved 1048576K
}
Event: 234.395 GC heap after
{Heap after GC invocations=50 (full 0):
 garbage-first heap   total 337920K, used 159246K [0x0000000080000000, 0x0000000100000000)
  region size 1024K, 5 young (5120K), 5 survivors (5120K)
 Metaspace       used 123392K, capacity 127069K, committed 127360K, reserved 1159168K
  class space    used 15634K, capacity 17062K, committed 17100K, reserved 1048576K
}
Event: 234.827 GC heap before
{Heap before GC invocations=50 (full 0):
 garbage-first heap   total 337920K, used 289294K [0x0000000080000000, 0x0000000100000000)
  region size 1024K, 118 young (120832K), 5 survivors (5120K)
 Metaspace       used 125346K, capacity 129078K, committed 129408K, reserved 1161216K
  class space    used 15831K, capacity 17279K, committed 17356K, reserved 1048576K
}
Event: 234.837 GC heap after
{Heap after GC invocations=51 (full 0):
 garbage-first heap   total 337920K, used 182540K [0x0000000080000000, 0x0000000100000000)
  region size 1024K, 15 young (15360K), 15 survivors (15360K)
 Metaspace       used 125346K, capacity 129078K, committed 129408K, reserved 1161216K
  class space    used 15831K, capacity 17279K, committed 17356K, reserved 1048576K
}
Event: 235.017 GC heap before
{Heap before GC invocations=51 (full 0):
 garbage-first heap   total 337920K, used 272652K [0x0000000080000000, 0x0000000100000000)
  region size 1024K, 104 young (106496K), 15 survivors (15360K)
 Metaspace       used 126086K, capacity 129824K, committed 130048K, reserved 1161216K
  class space    used 15938K, capacity 17379K, committed 17484K, reserved 1048576K
}
Event: 235.048 GC heap after
{Heap after GC invocations=52 (full 0):
 garbage-first heap   total 337920K, used 216698K [0x0000000080000000, 0x0000000100000000)
  region size 1024K, 13 young (13312K), 13 survivors (13312K)
 Metaspace       used 126086K, capacity 129824K, committed 130048K, reserved 1161216K
  class space    used 15938K, capacity 17379K, committed 17484K, reserved 1048576K
}

