# JRE version: OpenJDK Runtime Environment (11.0.10) (build 11.0.10+0-b96-7249189)
# Java VM: OpenJDK 64-Bit Server VM (11.0.10+0-b96-7249189, mixed mode, tiered, compressed oops, g1 gc, windows-amd64)
Heap:
 garbage-first heap   total 227328K, used 99478K [0x0000000080000000, 0x0000000100000000)
  region size 1024K, 16 young (16384K), 5 survivors (5120K)
 Metaspace       used 131315K, capacity 135616K, committed 135936K, reserved 1167360K
  class space    used 15738K, capacity 17293K, committed 17484K, reserved 1048576K
GC Heap History (20 events):
Event: 9344.485 GC heap before
{Heap before GC invocations=293 (full 0):
 garbage-first heap   total 227328K, used 120785K [0x0000000080000000, 0x0000000100000000)
  region size 1024K, 36 young (36864K), 2 survivors (2048K)
 Metaspace       used 131109K, capacity 135527K, committed 135936K, reserved 1167360K
  class space    used 15740K, capacity 17301K, committed 17484K, reserved 1048576K
}
Event: 9344.495 GC heap after
{Heap after GC invocations=294 (full 0):
 garbage-first heap   total 227328K, used 91805K [0x0000000080000000, 0x0000000100000000)
  region size 1024K, 5 young (5120K), 5 survivors (5120K)
 Metaspace       used 131109K, capacity 135527K, committed 135936K, reserved 1167360K
  class space    used 15740K, capacity 17301K, committed 17484K, reserved 1048576K
}
Event: 9425.318 GC heap before
{Heap before GC invocations=295 (full 0):
 garbage-first heap   total 227328K, used 180893K [0x0000000080000000, 0x0000000100000000)
  region size 1024K, 82 young (83968K), 5 survivors (5120K)
 Metaspace       used 131132K, capacity 135528K, committed 135936K, reserved 1167360K
  class space    used 15740K, capacity 17301K, committed 17484K, reserved 1048576K
}
Event: 9425.322 GC heap after
{Heap after GC invocations=296 (full 0):
 garbage-first heap   total 227328K, used 95084K [0x0000000080000000, 0x0000000100000000)
  region size 1024K, 6 young (6144K), 6 survivors (6144K)
 Metaspace       used 131132K, capacity 135528K, committed 135936K, reserved 1167360K
  class space    used 15740K, capacity 17301K, committed 17484K, reserved 1048576K
}
Event: 9425.341 GC heap before
{Heap before GC invocations=296 (full 0):
 garbage-first heap   total 227328K, used 100204K [0x0000000080000000, 0x0000000100000000)
  region size 1024K, 11 young (11264K), 6 survivors (6144K)
 Metaspace       used 131134K, capacity 135528K, committed 135936K, reserved 1167360K
  class space    used 15740K, capacity 17301K, committed 17484K, reserved 1048576K
}
Event: 9425.349 GC heap after
{Heap after GC invocations=297 (full 0):
 garbage-first heap   total 227328K, used 89744K [0x0000000080000000, 0x0000000100000000)
  region size 1024K, 2 young (2048K), 2 survivors (2048K)
 Metaspace       used 131134K, capacity 135528K, committed 135936K, reserved 1167360K
  class space    used 15740K, capacity 17301K, committed 17484K, reserved 1048576K
}
Event: 9425.478 GC heap before
{Heap before GC invocations=297 (full 0):
 garbage-first heap   total 227328K, used 112272K [0x0000000080000000, 0x0000000100000000)
  region size 1024K, 26 young (26624K), 2 survivors (2048K)
 Metaspace       used 131189K, capacity 135593K, committed 135936K, reserved 1167360K
  class space    used 15740K, capacity 17301K, committed 17484K, reserved 1048576K
}
Event: 9425.487 GC heap after
{Heap after GC invocations=298 (full 0):
 garbage-first heap   total 227328K, used 92175K [0x0000000080000000, 0x0000000100000000)
  region size 1024K, 5 young (5120K), 5 survivors (5120K)
 Metaspace       used 131189K, capacity 135593K, committed 135936K, reserved 1167360K
  class space    used 15740K, capacity 17301K, committed 17484K, reserved 1048576K
}
Event: 9594.298 GC heap before
{Heap before GC invocations=299 (full 0):
 garbage-first heap   total 227328K, used 175119K [0x0000000080000000, 0x0000000100000000)
  region size 1024K, 76 young (77824K), 5 survivors (5120K)
 Metaspace       used 131252K, capacity 135661K, committed 135936K, reserved 1167360K
  class space    used 15741K, capacity 17301K, committed 17484K, reserved 1048576K
}
Event: 9594.302 GC heap after
{Heap after GC invocations=300 (full 0):
 garbage-first heap   total 227328K, used 94799K [0x0000000080000000, 0x0000000100000000)
  region size 1024K, 5 young (5120K), 5 survivors (5120K)
 Metaspace       used 131252K, capacity 135661K, committed 135936K, reserved 1167360K
  class space    used 15741K, capacity 17301K, committed 17484K, reserved 1048576K
}
Event: 9594.323 GC heap before
{Heap before GC invocations=300 (full 0):
 garbage-first heap   total 227328K, used 100943K [0x0000000080000000, 0x0000000100000000)
  region size 1024K, 11 young (11264K), 5 survivors (5120K)
 Metaspace       used 131252K, capacity 135661K, committed 135936K, reserved 1167360K
  class space    used 15741K, capacity 17301K, committed 17484K, reserved 1048576K
}
Event: 9594.329 GC heap after
{Heap after GC invocations=301 (full 0):
 garbage-first heap   total 227328K, used 88258K [0x0000000080000000, 0x0000000100000000)
  region size 1024K, 2 young (2048K), 2 survivors (2048K)
 Metaspace       used 131252K, capacity 135661K, committed 135936K, reserved 1167360K
  class space    used 15741K, capacity 17301K, committed 17484K, reserved 1048576K
}
Event: 9594.571 GC heap before
{Heap before GC invocations=301 (full 0):
 garbage-first heap   total 227328K, used 124098K [0x0000000080000000, 0x0000000100000000)
  region size 1024K, 39 young (39936K), 2 survivors (2048K)
 Metaspace       used 131298K, capacity 135661K, committed 135936K, reserved 1167360K
  class space    used 15742K, capacity 17301K, committed 17484K, reserved 1048576K
}
Event: 9594.584 GC heap after
{Heap after GC invocations=302 (full 0):
 garbage-first heap   total 227328K, used 92181K [0x0000000080000000, 0x0000000100000000)
  region size 1024K, 5 young (5120K), 5 survivors (5120K)
 Metaspace       used 131298K, capacity 135661K, committed 135936K, reserved 1167360K
  class space    used 15742K, capacity 17301K, committed 17484K, reserved 1048576K
}
Event: 9779.493 GC heap before
{Heap before GC invocations=303 (full 0):
 garbage-first heap   total 227328K, used 182293K [0x0000000080000000, 0x0000000100000000)
  region size 1024K, 83 young (84992K), 5 survivors (5120K)
 Metaspace       used 131297K, capacity 135616K, committed 135936K, reserved 1167360K
  class space    used 15738K, capacity 17293K, committed 17484K, reserved 1048576K
}
Event: 9779.498 GC heap after
{Heap after GC invocations=304 (full 0):
 garbage-first heap   total 227328K, used 95660K [0x0000000080000000, 0x0000000100000000)
  region size 1024K, 7 young (7168K), 7 survivors (7168K)
 Metaspace       used 131297K, capacity 135616K, committed 135936K, reserved 1167360K
  class space    used 15738K, capacity 17293K, committed 17484K, reserved 1048576K
}
Event: 9779.515 GC heap before
{Heap before GC invocations=304 (full 0):
 garbage-first heap   total 227328K, used 99756K [0x0000000080000000, 0x0000000100000000)
  region size 1024K, 11 young (11264K), 7 survivors (7168K)
 Metaspace       used 131297K, capacity 135616K, committed 135936K, reserved 1167360K
  class space    used 15738K, capacity 17293K, committed 17484K, reserved 1048576K
}
Event: 9779.520 GC heap after
{Heap after GC invocations=305 (full 0):
 garbage-first heap   total 227328K, used 84562K [0x0000000080000000, 0x0000000100000000)
  region size 1024K, 2 young (2048K), 2 survivors (2048K)
 Metaspace       used 131297K, capacity 135616K, committed 135936K, reserved 1167360K
  class space    used 15738K, capacity 17293K, committed 17484K, reserved 1048576K
}
Event: 9779.690 GC heap before
{Heap before GC invocations=305 (full 0):
 garbage-first heap   total 227328K, used 117330K [0x0000000080000000, 0x0000000100000000)
  region size 1024K, 36 young (36864K), 2 survivors (2048K)
 Metaspace       used 131315K, capacity 135616K, committed 135936K, reserved 1167360K
  class space    used 15738K, capacity 17293K, committed 17484K, reserved 1048576K
}
Event: 9779.701 GC heap after
{Heap after GC invocations=306 (full 0):
 garbage-first heap   total 227328K, used 88214K [0x0000000080000000, 0x0000000100000000)
  region size 1024K, 5 young (5120K), 5 survivors (5120K)
 Metaspace       used 131315K, capacity 135616K, committed 135936K, reserved 1167360K
  class space    used 15738K, capacity 17293K, committed 17484K, reserved 1048576K
}

