# JRE version: OpenJDK Runtime Environment (11.0.10) (build 11.0.10+0-b96-7249189)
# Java VM: OpenJDK 64-Bit Server VM (11.0.10+0-b96-7249189, mixed mode, tiered, compressed oops, g1 gc, windows-amd64)
Heap:
 garbage-first heap   total 748544K, used 161864K [0x0000000080000000, 0x0000000100000000)
  region size 1024K, 2 young (2048K), 2 survivors (2048K)
 Metaspace       used 132504K, capacity 137240K, committed 137548K, reserved 1169408K
  class space    used 16222K, capacity 17935K, committed 17996K, reserved 1048576K
GC Heap History (20 events):
Event: 2153.617 GC heap after
{Heap after GC invocations=132 (full 0):
 garbage-first heap   total 227328K, used 118978K [0x0000000080000000, 0x0000000100000000)
  region size 1024K, 7 young (7168K), 7 survivors (7168K)
 Metaspace       used 131323K, capacity 135877K, committed 136012K, reserved 1167360K
  class space    used 16079K, capacity 17733K, committed 17740K, reserved 1048576K
}
Event: 2153.623 GC heap before
{Heap before GC invocations=132 (full 0):
 garbage-first heap   total 227328K, used 130242K [0x0000000080000000, 0x0000000100000000)
  region size 1024K, 11 young (11264K), 7 survivors (7168K)
 Metaspace       used 131325K, capacity 135877K, committed 136012K, reserved 1167360K
  class space    used 16079K, capacity 17733K, committed 17740K, reserved 1048576K
}
Event: 2153.635 GC heap after
{Heap after GC invocations=133 (full 0):
 garbage-first heap   total 227328K, used 108928K [0x0000000080000000, 0x0000000100000000)
  region size 1024K, 2 young (2048K), 2 survivors (2048K)
 Metaspace       used 131325K, capacity 135877K, committed 136012K, reserved 1167360K
  class space    used 16079K, capacity 17733K, committed 17740K, reserved 1048576K
}
Event: 2153.636 GC heap before
{Heap before GC invocations=133 (full 0):
 garbage-first heap   total 227328K, used 109952K [0x0000000080000000, 0x0000000100000000)
  region size 1024K, 4 young (4096K), 2 survivors (2048K)
 Metaspace       used 131325K, capacity 135877K, committed 136012K, reserved 1167360K
  class space    used 16079K, capacity 17733K, committed 17740K, reserved 1048576K
}
Event: 2153.640 GC heap after
{Heap after GC invocations=134 (full 0):
 garbage-first heap   total 227328K, used 109177K [0x0000000080000000, 0x0000000100000000)
  region size 1024K, 3 young (3072K), 3 survivors (3072K)
 Metaspace       used 131325K, capacity 135877K, committed 136012K, reserved 1167360K
  class space    used 16079K, capacity 17733K, committed 17740K, reserved 1048576K
}
Event: 2153.756 GC heap before
{Heap before GC invocations=135 (full 0):
 garbage-first heap   total 227328K, used 156281K [0x0000000080000000, 0x0000000100000000)
  region size 1024K, 48 young (49152K), 3 survivors (3072K)
 Metaspace       used 131555K, capacity 136146K, committed 136396K, reserved 1167360K
  class space    used 16111K, capacity 17762K, committed 17868K, reserved 1048576K
}
Event: 2153.768 GC heap after
{Heap after GC invocations=136 (full 0):
 garbage-first heap   total 227328K, used 126237K [0x0000000080000000, 0x0000000100000000)
  region size 1024K, 6 young (6144K), 6 survivors (6144K)
 Metaspace       used 131555K, capacity 136146K, committed 136396K, reserved 1167360K
  class space    used 16111K, capacity 17762K, committed 17868K, reserved 1048576K
}
Event: 2153.775 GC heap before
{Heap before GC invocations=136 (full 0):
 garbage-first heap   total 227328K, used 131357K [0x0000000080000000, 0x0000000100000000)
  region size 1024K, 11 young (11264K), 6 survivors (6144K)
 Metaspace       used 131588K, capacity 136210K, committed 136396K, reserved 1167360K
  class space    used 16111K, capacity 17762K, committed 17868K, reserved 1048576K
}
Event: 2153.784 GC heap after
{Heap after GC invocations=137 (full 0):
 garbage-first heap   total 227328K, used 124760K [0x0000000080000000, 0x0000000100000000)
  region size 1024K, 2 young (2048K), 2 survivors (2048K)
 Metaspace       used 131588K, capacity 136210K, committed 136396K, reserved 1167360K
  class space    used 16111K, capacity 17762K, committed 17868K, reserved 1048576K
}
Event: 2153.848 GC heap before
{Heap before GC invocations=137 (full 0):
 garbage-first heap   total 227328K, used 162648K [0x0000000080000000, 0x0000000100000000)
  region size 1024K, 40 young (40960K), 2 survivors (2048K)
 Metaspace       used 131796K, capacity 136396K, committed 136652K, reserved 1167360K
  class space    used 16142K, capacity 17802K, committed 17868K, reserved 1048576K
}
Event: 2153.859 GC heap after
{Heap after GC invocations=138 (full 0):
 garbage-first heap   total 227328K, used 141083K [0x0000000080000000, 0x0000000100000000)
  region size 1024K, 5 young (5120K), 5 survivors (5120K)
 Metaspace       used 131796K, capacity 136396K, committed 136652K, reserved 1167360K
  class space    used 16142K, capacity 17802K, committed 17868K, reserved 1048576K
}
Event: 2153.920 GC heap before
{Heap before GC invocations=138 (full 0):
 garbage-first heap   total 227328K, used 170779K [0x0000000080000000, 0x0000000100000000)
  region size 1024K, 35 young (35840K), 5 survivors (5120K)
 Metaspace       used 131883K, capacity 136473K, committed 136652K, reserved 1167360K
  class space    used 16144K, capacity 17805K, committed 17868K, reserved 1048576K
}
Event: 2153.933 GC heap after
{Heap after GC invocations=139 (full 0):
 garbage-first heap   total 410624K, used 151200K [0x0000000080000000, 0x0000000100000000)
  region size 1024K, 5 young (5120K), 5 survivors (5120K)
 Metaspace       used 131883K, capacity 136473K, committed 136652K, reserved 1167360K
  class space    used 16144K, capacity 17805K, committed 17868K, reserved 1048576K
}
Event: 2154.249 GC heap before
{Heap before GC invocations=140 (full 0):
 garbage-first heap   total 410624K, used 213664K [0x0000000080000000, 0x0000000100000000)
  region size 1024K, 66 young (67584K), 5 survivors (5120K)
 Metaspace       used 132354K, capacity 137015K, committed 137292K, reserved 1169408K
  class space    used 16222K, capacity 17935K, committed 17996K, reserved 1048576K
}
Event: 2154.262 GC heap after
{Heap after GC invocations=141 (full 0):
 garbage-first heap   total 410624K, used 158368K [0x0000000080000000, 0x0000000100000000)
  region size 1024K, 12 young (12288K), 12 survivors (12288K)
 Metaspace       used 132354K, capacity 137015K, committed 137292K, reserved 1169408K
  class space    used 16222K, capacity 17935K, committed 17996K, reserved 1048576K
}
Event: 2154.436 GC heap before
{Heap before GC invocations=142 (full 0):
 garbage-first heap   total 410624K, used 178848K [0x0000000080000000, 0x0000000100000000)
  region size 1024K, 37 young (37888K), 12 survivors (12288K)
 Metaspace       used 132363K, capacity 137079K, committed 137292K, reserved 1169408K
  class space    used 16222K, capacity 17935K, committed 17996K, reserved 1048576K
}
Event: 2154.448 GC heap after
{Heap after GC invocations=143 (full 0):
 garbage-first heap   total 410624K, used 155868K [0x0000000080000000, 0x0000000100000000)
  region size 1024K, 9 young (9216K), 9 survivors (9216K)
 Metaspace       used 132363K, capacity 137079K, committed 137292K, reserved 1169408K
  class space    used 16222K, capacity 17935K, committed 17996K, reserved 1048576K
}
Event: 2154.847 GC heap before
{Heap before GC invocations=144 (full 0):
 garbage-first heap   total 410624K, used 270556K [0x0000000080000000, 0x0000000100000000)
  region size 1024K, 111 young (113664K), 9 survivors (9216K)
 Metaspace       used 132496K, capacity 137237K, committed 137548K, reserved 1169408K
  class space    used 16222K, capacity 17935K, committed 17996K, reserved 1048576K
}
Event: 2154.863 GC heap after
{Heap after GC invocations=145 (full 0):
 garbage-first heap   total 410624K, used 177229K [0x0000000080000000, 0x0000000100000000)
  region size 1024K, 13 young (13312K), 13 survivors (13312K)
 Metaspace       used 132496K, capacity 137237K, committed 137548K, reserved 1169408K
  class space    used 16222K, capacity 17935K, committed 17996K, reserved 1048576K
}
Event: 2155.456 GC heap before
{Heap before GC invocations=145 (full 0):
 garbage-first heap   total 410624K, used 184397K [0x0000000080000000, 0x0000000100000000)
  region size 1024K, 20 young (20480K), 13 survivors (13312K)
 Metaspace       used 132504K, capacity 137240K, committed 137548K, reserved 1169408K
  class space    used 16222K, capacity 17935K, committed 17996K, reserved 1048576K
}

